[ 2017-10-23T09:47:04+08:00 ] 127.0.0.1 /
INFO: [ app_begin ] --START--
INFO: Run ReadHtmlCache Behavior [ RunTime:0.028139s ]
INFO: [ app_begin ] --END-- [ RunTime:0.028239s ]
SQL: SHOW COLUMNS FROM `pigcms_links` [ RunTime:0.019239s ]
SQL: SELECT * FROM `pigcms_links` WHERE ( `status` = 1 )  [ RunTime:0.000207s ]
INFO: [ view_template ] --START--
INFO: Run LocationTemplate Behavior [ RunTime:-1.154867s ]
INFO: [ view_template ] --END-- [ RunTime:0.026956s ]
INFO: [ view_parse ] --START--
NOTIC: [8] Use of undefined constant uid - assumed 'uid' G:\demo\pigcms\Conf\logs\Cache\Home\921d53177c151344e729eca7c171fe97.php 第 31 行.
NOTIC: [8] Undefined index: uid G:\demo\pigcms\Conf\logs\Cache\Home\921d53177c151344e729eca7c171fe97.php 第 31 行.
INFO: Run ParseTemplate Behavior [ RunTime:-1.181847s ]
INFO: [ view_parse ] --END-- [ RunTime:0.066478s ]
INFO: [ view_filter ] --START--
INFO: Run ContentReplace Behavior [ RunTime:-1.248351s ]
INFO: Run TokenBuild Behavior [ RunTime:-1.255084s ]
INFO: Run WriteHtmlCache Behavior [ RunTime:-1.270101s ]
INFO: Run ShowRuntime Behavior [ RunTime:-1.274035s ]
INFO: [ view_filter ] --END-- [ RunTime:0.026484s ]
INFO: [ view_end ] --START--
INFO: Run ShowPageTrace Behavior [ RunTime:-1.274887s ]
INFO: [ view_end ] --END-- [ RunTime:0.009779s ]

[ 2017-10-23T09:47:07+08:00 ] 127.0.0.1 /
INFO: [ app_begin ] --START--
INFO: Run ReadHtmlCache Behavior [ RunTime:0.000342s ]
INFO: [ app_begin ] --END-- [ RunTime:0.000379s ]
SQL: SHOW COLUMNS FROM `pigcms_links` [ RunTime:0.004767s ]
SQL: SELECT * FROM `pigcms_links` WHERE ( `status` = 1 )  [ RunTime:0.000218s ]
INFO: [ view_template ] --START--
INFO: Run LocationTemplate Behavior [ RunTime:-1.023579s ]
INFO: [ view_template ] --END-- [ RunTime:0.000954s ]
INFO: [ view_parse ] --START--
NOTIC: [8] Use of undefined constant uid - assumed 'uid' G:\demo\pigcms\Conf\logs\Cache\Home\921d53177c151344e729eca7c171fe97.php 第 31 行.
NOTIC: [8] Undefined index: uid G:\demo\pigcms\Conf\logs\Cache\Home\921d53177c151344e729eca7c171fe97.php 第 31 行.
INFO: Run ParseTemplate Behavior [ RunTime:-1.024564s ]
INFO: [ view_parse ] --END-- [ RunTime:0.010515s ]
INFO: [ view_filter ] --START--
INFO: Run ContentReplace Behavior [ RunTime:-1.035105s ]
INFO: Run TokenBuild Behavior [ RunTime:-1.035572s ]
INFO: Run WriteHtmlCache Behavior [ RunTime:-1.036053s ]
INFO: Run ShowRuntime Behavior [ RunTime:-1.036412s ]
INFO: [ view_filter ] --END-- [ RunTime:0.001810s ]
INFO: [ view_end ] --START--
INFO: Run ShowPageTrace Behavior [ RunTime:-1.036956s ]
INFO: [ view_end ] --END-- [ RunTime:0.000536s ]

[ 2017-10-23T09:47:17+08:00 ] 127.0.0.1 HTTP://www.meigousy.com/
INFO: [ app_begin ] --START--
INFO: Run ReadHtmlCache Behavior [ RunTime:0.000563s ]
INFO: [ app_begin ] --END-- [ RunTime:0.000605s ]
SQL: SHOW COLUMNS FROM `pigcms_links` [ RunTime:0.005712s ]
SQL: SELECT * FROM `pigcms_links` WHERE ( `status` = 1 )  [ RunTime:0.000361s ]
INFO: [ view_template ] --START--
INFO: Run LocationTemplate Behavior [ RunTime:-1.039381s ]
INFO: [ view_template ] --END-- [ RunTime:0.001484s ]
INFO: [ view_parse ] --START--
NOTIC: [8] Use of undefined constant uid - assumed 'uid' G:\demo\pigcms\Conf\logs\Cache\Home\921d53177c151344e729eca7c171fe97.php 第 31 行.
NOTIC: [8] Undefined index: uid G:\demo\pigcms\Conf\logs\Cache\Home\921d53177c151344e729eca7c171fe97.php 第 31 行.
INFO: Run ParseTemplate Behavior [ RunTime:-1.040917s ]
INFO: [ view_parse ] --END-- [ RunTime:0.016713s ]
INFO: [ view_filter ] --START--
INFO: Run ContentReplace Behavior [ RunTime:-1.057644s ]
INFO: Run TokenBuild Behavior [ RunTime:-1.058097s ]
INFO: Run WriteHtmlCache Behavior [ RunTime:-1.058563s ]
INFO: Run ShowRuntime Behavior [ RunTime:-1.058909s ]
INFO: [ view_filter ] --END-- [ RunTime:0.001715s ]
INFO: [ view_end ] --START--
INFO: Run ShowPageTrace Behavior [ RunTime:-1.059398s ]
INFO: [ view_end ] --END-- [ RunTime:0.000569s ]

[ 2017-10-23T09:47:27+08:00 ] 127.0.0.1 HTTP://www.51pigcms.com/
INFO: [ app_begin ] --START--
INFO: Run ReadHtmlCache Behavior [ RunTime:0.001000s ]
INFO: [ app_begin ] --END-- [ RunTime:0.001045s ]
SQL: SHOW COLUMNS FROM `pigcms_links` [ RunTime:0.012061s ]
SQL: SELECT * FROM `pigcms_links` WHERE ( `status` = 1 )  [ RunTime:0.000799s ]
INFO: [ view_template ] --START--
INFO: Run LocationTemplate Behavior [ RunTime:-1.058048s ]
INFO: [ view_template ] --END-- [ RunTime:0.007292s ]
INFO: [ view_parse ] --START--
NOTIC: [8] Use of undefined constant uid - assumed 'uid' G:\demo\pigcms\Conf\logs\Cache\Home\921d53177c151344e729eca7c171fe97.php 第 31 行.
NOTIC: [8] Undefined index: uid G:\demo\pigcms\Conf\logs\Cache\Home\921d53177c151344e729eca7c171fe97.php 第 31 行.
INFO: Run ParseTemplate Behavior [ RunTime:-1.065457s ]
INFO: [ view_parse ] --END-- [ RunTime:0.034779s ]
INFO: [ view_filter ] --START--
INFO: Run ContentReplace Behavior [ RunTime:-1.100290s ]
INFO: Run TokenBuild Behavior [ RunTime:-1.102617s ]
INFO: Run WriteHtmlCache Behavior [ RunTime:-1.104965s ]
INFO: Run ShowRuntime Behavior [ RunTime:-1.107282s ]
INFO: [ view_filter ] --END-- [ RunTime:0.009472s ]
INFO: [ view_end ] --START--
INFO: Run ShowPageTrace Behavior [ RunTime:-1.109861s ]
INFO: [ view_end ] --END-- [ RunTime:0.002696s ]

